2023-12-06 16:08:09 Loading main app package /usr/lib/obsidian/obsidian.asar
2023-12-06 16:08:09 Checking for update using Github
2023-12-06 16:08:09 Success.
2023-12-06 16:08:09 Latest version is 1.4.16
2023-12-06 16:08:09 App is up to date.
2023-12-06 16:08:59 Loading main app package /usr/lib/obsidian/obsidian.asar
2023-12-06 16:09:00 Checking for update using Github
2023-12-06 16:09:00 Success.
2023-12-06 16:09:00 Latest version is 1.4.16
2023-12-06 16:09:00 App is up to date.
2023-12-06 16:10:16 Loading main app package /usr/lib/obsidian/obsidian.asar
2023-12-06 16:10:16 Checking for update using Github
2023-12-06 16:10:16 Success.
2023-12-06 16:10:16 Latest version is 1.4.16
2023-12-06 16:10:16 App is up to date.
2023-12-06 16:32:06 Loading main app package /usr/lib/obsidian/obsidian.asar
2023-12-06 16:32:06 Checking for update using Github
2023-12-06 16:32:06 Success.
2023-12-06 16:32:06 Latest version is 1.4.16
2023-12-06 16:32:06 App is up to date.
2023-12-06 17:02:24 Loading main app package /usr/lib/obsidian/obsidian.asar
2023-12-06 17:02:24 Checking for update using Github
2023-12-06 17:02:24 Success.
2023-12-06 17:02:24 Latest version is 1.4.16
2023-12-06 17:02:24 App is up to date.
2023-12-06 17:18:04 Loading main app package /usr/lib/obsidian/obsidian.asar
2023-12-06 17:18:04 Checking for update using Github
2023-12-06 17:18:05 Success.
2023-12-06 17:18:05 Latest version is 1.4.16
2023-12-06 17:18:05 App is up to date.
2023-12-06 18:18:04 Checking for update using Github
2023-12-06 18:18:04 Success.
2023-12-06 18:18:04 Latest version is 1.4.16
2023-12-06 18:18:04 App is up to date.
2023-12-07 12:35:12 Loading main app package /usr/lib/obsidian/obsidian.asar
2023-12-07 12:35:12 Checking for update using Github
2023-12-07 12:35:12 Success.
2023-12-07 12:35:12 Latest version is 1.4.16
2023-12-07 12:35:12 App is up to date.
2023-12-07 13:04:53 Loading main app package /usr/lib/obsidian/obsidian.asar
2023-12-07 13:04:53 Checking for update using Github
2023-12-07 13:04:53 Success.
2023-12-07 13:04:53 Latest version is 1.4.16
2023-12-07 13:04:53 App is up to date.
2023-12-07 14:04:53 Checking for update using Github
2023-12-07 14:04:53 Success.
2023-12-07 14:04:53 Latest version is 1.4.16
2023-12-07 14:04:53 App is up to date.
2023-12-07 15:04:53 Checking for update using Github
2023-12-07 15:04:53 Success.
2023-12-07 15:04:53 Latest version is 1.4.16
2023-12-07 15:04:53 App is up to date.
2023-12-07 16:04:53 Checking for update using Github
2023-12-07 16:04:53 Success.
2023-12-07 16:04:53 Latest version is 1.4.16
2023-12-07 16:04:53 App is up to date.
2023-12-07 17:04:53 Checking for update using Github
2023-12-07 17:04:53 Success.
2023-12-07 17:04:53 Latest version is 1.4.16
2023-12-07 17:04:53 App is up to date.
2023-12-07 18:04:53 Checking for update using Github
2023-12-07 18:04:53 Success.
2023-12-07 18:04:53 Latest version is 1.4.16
2023-12-07 18:04:53 App is up to date.
2023-12-07 19:04:53 Checking for update using Github
2023-12-07 19:04:53 Success.
2023-12-07 19:04:53 Latest version is 1.4.16
2023-12-07 19:04:53 App is up to date.
2023-12-07 20:04:53 Checking for update using Github
2023-12-07 20:04:53 Success.
2023-12-07 20:04:53 Latest version is 1.4.16
2023-12-07 20:04:53 App is up to date.
2023-12-07 21:04:53 Checking for update using Github
2023-12-07 21:04:54 Success.
2023-12-07 21:04:54 Latest version is 1.4.16
2023-12-07 21:04:54 App is up to date.
